<?xml version="1.0" encoding="UTF-8"?>
<testng-results skipped="0" failed="0" ignored="0" total="1" passed="1">
  <reporter-output>
  </reporter-output>
  <suite name="Default suite" duration-ms="13418" started-at="2017-08-17T02:00:26Z" finished-at="2017-08-17T02:00:39Z">
    <groups>
    </groups>
    <test name="Default test" duration-ms="13418" started-at="2017-08-17T02:00:26Z" finished-at="2017-08-17T02:00:39Z">
      <class name="automationConcepts.VerificationsUsingTesNG">
        <test-method status="PASS" signature="exForverifications()[pri:0, instance:automationConcepts.VerificationsUsingTesNG@4678c730]" name="exForverifications" duration-ms="13379" started-at="2017-08-16T22:00:26Z" finished-at="2017-08-16T22:00:39Z">
          <reporter-output>
          </reporter-output>
        </test-method> <!-- exForverifications -->
      </class> <!-- automationConcepts.VerificationsUsingTesNG -->
    </test> <!-- Default test -->
  </suite> <!-- Default suite -->
</testng-results>
